<?xml version="1.0" encoding="UTF-8"?>
<!-- Generated by org.testng.reporters.JUnitReportReporter -->
<testsuite hostname="QAClay" failures="0" tests="5" name="com.crm.clay.testcases.LoginTest" time="28.541" errors="0" timestamp="2024-03-05T12:04:36 EST" skipped="0">
  <testcase classname="com.crm.clay.testcases.LoginTest" name="LoginPageTitleTest" time="4.030"/>
  <testcase classname="com.crm.clay.testcases.LoginTest" name="LoginPageLogoTest" time="4.037"/>
  <testcase classname="com.crm.clay.testcases.LoginTest" name="LoginPageTest" time="4.112"/>
  <testcase classname="com.crm.clay.testcases.LoginTest" name="UnsuccessfulLoginErrorMsg" time="4.094"/>
  <testcase classname="com.crm.clay.testcases.LoginTest" name="ResetPasswordTest" time="12.268"/>
</testsuite> <!-- com.crm.clay.testcases.LoginTest -->
