<?xml version="1.0" encoding="UTF-8"?>
<!-- Generated by org.testng.reporters.JUnitReportReporter -->
<testsuite hostname="QAClay" failures="0" tests="5" name="com.crm.clay.testcases.LoginTest" time="22.530" errors="0" timestamp="2024-03-14T16:52:23 EDT" skipped="0">
  <testcase classname="com.crm.clay.testcases.LoginTest" name="LoginPageTitleTest" time="3.478"/>
  <testcase classname="com.crm.clay.testcases.LoginTest" name="LoginPageLogoTest" time="2.673"/>
  <testcase classname="com.crm.clay.testcases.LoginTest" name="LoginPageTest" time="3.335"/>
  <testcase classname="com.crm.clay.testcases.LoginTest" name="UnsuccessfulLoginErrorMsg" time="2.624"/>
  <testcase classname="com.crm.clay.testcases.LoginTest" name="ResetPasswordTest" time="10.420"/>
</testsuite> <!-- com.crm.clay.testcases.LoginTest -->
