<?xml version="1.0" encoding="UTF-8"?>
<!-- Generated by org.testng.reporters.JUnitReportReporter -->
<testsuite hostname="QAClay" failures="0" tests="1" name="com.crm.clay.testcases.DocuTemplateTest" time="35.069" errors="0" timestamp="2024-03-05T13:27:41 EST" skipped="0">
  <testcase classname="com.crm.clay.testcases.DocuTemplateTest" name="VerifyDraftTest" time="35.069"/>
</testsuite> <!-- com.crm.clay.testcases.DocuTemplateTest -->
