<?xml version="1.0" encoding="UTF-8"?>
<!-- Generated by org.testng.reporters.JUnitReportReporter -->
<testsuite hostname="QAClay" failures="0" tests="1" name="com.crm.clay.testcases.HomePageTest" time="3.584" errors="0" timestamp="2024-03-14T16:58:26 EDT" skipped="0">
  <testcase classname="com.crm.clay.testcases.HomePageTest" name="VerifyHomePageTest" time="3.584"/>
</testsuite> <!-- com.crm.clay.testcases.HomePageTest -->
