<?xml version="1.0" encoding="UTF-8"?>
<!-- Generated by org.testng.reporters.JUnitReportReporter -->
<testsuite hostname="QAClay" failures="0" tests="3" name="com.crm.clay.testcases.HomePageTest" time="14.000" errors="0" timestamp="2024-03-05T12:04:36 EST" skipped="0">
  <testcase classname="com.crm.clay.testcases.HomePageTest" name="VerifyHomePageTest" time="4.125"/>
  <testcase classname="com.crm.clay.testcases.HomePageTest" name="VerfyProjectDashboard" time="5.057"/>
  <testcase classname="com.crm.clay.testcases.HomePageTest" name="VerifyProjectPage" time="4.818"/>
</testsuite> <!-- com.crm.clay.testcases.HomePageTest -->
